2025-05-14 12:46:01,969 - INFO - Iniciando Programa...
2025-05-14 12:46:01,970 - INFO - Verificacao de horarios
2025-05-14 12:46:01,970 - INFO - DB - Buscando Horarios Abertos Dos Usuarios
2025-05-14 12:46:01,971 - INFO - DB - Resultado Da Busca De Horarios Abertos
2025-05-14 12:46:01,971 - INFO - DB - []
2025-05-14 12:46:01,971 - INFO - Nenhum Turno Em Aberto
2025-05-14 12:46:07,340 - INFO - Iniciando Turno...
2025-05-14 12:46:07,340 - INFO - 


Usuario nao logado. Iniciando registro de turno...

2025-05-14 12:46:07,340 - INFO - 
============LOG INICIO DE TURNO ID 1============

2025-05-14 12:46:07,341 - INFO - Hora Atual: 2025-05-14 12:46:07
2025-05-14 12:46:07,341 - INFO - DB - Iniciando Turno Do Usuario ID 1 Com a Hora Atual: 14/05/2025 12:46:07
2025-05-14 12:46:07,350 - INFO - Turno Iniciado Com Sucesso!
2025-05-14 12:46:07,351 - INFO - 
================================================

2025-05-14 12:46:07,351 - INFO - Iniciando Usuário Com ID: 1
2025-05-14 12:46:07,354 - INFO - Usuario ID 1 Iniciado Com Sucesso

2025-05-14 12:46:07,416 - INFO - Preparando para registrar turno
2025-05-14 12:47:39,078 - INFO - Fechando Turno e Finalizando Janela
2025-05-14 12:47:39,858 - INFO - Finalizando Turno...
2025-05-14 12:47:39,858 - INFO - DB - Buscando Horario De Saida Do Usuario ID 1 Do Turno ID 133
2025-05-14 12:47:39,859 - INFO - DB - Nenhum Resultado Dos Horários De Saida Do Usuario ID
                         1 Do Turno ID 133 Encontrado
2025-05-14 12:47:39,860 - INFO - 
============LOG FECHAMENTO USUaRIO 1============

2025-05-14 12:47:39,860 - INFO - Hora atual: 14/05/2025 12:47:39
2025-05-14 12:47:39,860 - INFO - Registrando Horario Final No Registro De Turnos...
2025-05-14 12:47:39,860 - INFO - DB - Finalizando Turno Do Usuário ID 1 Com A Hora Atual: 14/05/2025 12:47:39
2025-05-14 12:47:39,869 - INFO - 
================================================

2025-05-14 12:47:39,888 - INFO - Turno Finalizado Com Sucesso e Fechando a Janela
