2025-05-14 14:47:40,552 - INFO - Iniciando Programa...
2025-05-14 14:47:40,552 - INFO - Verificacao de horarios
2025-05-14 14:47:40,552 - INFO - DB - Buscando Horarios Abertos Dos Usuarios
2025-05-14 14:47:40,553 - INFO - DB - Resultado Da Busca De Horarios Abertos
2025-05-14 14:47:40,553 - INFO - DB - []
2025-05-14 14:47:40,554 - INFO - Nenhum Turno Em Aberto
2025-05-14 14:47:45,912 - INFO - Iniciando Turno...
2025-05-14 14:47:45,912 - INFO - 


Usuario nao logado. Iniciando registro de turno...

2025-05-14 14:47:45,912 - INFO - 
============LOG INICIO DE TURNO ID 1============

2025-05-14 14:47:45,912 - INFO - Hora Atual: 2025-05-14 14:47:45
2025-05-14 14:47:45,912 - INFO - DB - Iniciando Turno Do Usuario ID 1 Com a Hora Atual: 14/05/2025 14:47:45
2025-05-14 14:47:45,926 - INFO - Turno Iniciado Com Sucesso!
2025-05-14 14:47:45,926 - INFO - 
================================================

2025-05-14 14:47:45,926 - INFO - Iniciando Usuário Com ID: 1
2025-05-14 14:47:45,929 - INFO - Usuario ID 1 Iniciado Com Sucesso

2025-05-14 14:47:46,008 - INFO - Preparando para registrar turno
2025-05-14 14:48:25,104 - INFO - Fechando Turno e Finalizando Janela
2025-05-14 14:48:30,280 - INFO - Finalizando Turno...
2025-05-14 14:48:30,280 - INFO - DB - Buscando Horario De Saida Do Usuario ID 1 Do Turno ID 134
2025-05-14 14:48:30,281 - INFO - DB - Nenhum Resultado Dos Horários De Saida Do Usuario ID
                         1 Do Turno ID 134 Encontrado
2025-05-14 14:48:30,282 - INFO - 
============LOG FECHAMENTO USUaRIO 1============

2025-05-14 14:48:30,282 - INFO - Hora atual: 14/05/2025 14:48:30
2025-05-14 14:48:30,282 - INFO - Registrando Horario Final No Registro De Turnos...
2025-05-14 14:48:30,282 - INFO - DB - Finalizando Turno Do Usuário ID 1 Com A Hora Atual: 14/05/2025 14:48:30
2025-05-14 14:48:30,290 - INFO - 
================================================

2025-05-14 14:48:30,311 - INFO - Turno Finalizado Com Sucesso e Fechando a Janela
