2025-05-14 15:57:46,088 - INFO - Iniciando Programa...
2025-05-14 15:57:46,088 - INFO - Verificacao de horarios
2025-05-14 15:57:46,088 - INFO - DB - Buscando Horarios Abertos Dos Usuarios
2025-05-14 15:57:46,089 - INFO - DB - Resultado Da Busca De Horarios Abertos
2025-05-14 15:57:46,089 - INFO - DB - [(1, 137)]
2025-05-14 15:57:46,089 - INFO - Lista de ID's com turno ABERTO: [1]
2025-05-14 15:57:46,090 - INFO - 
============LOG USUÁRIO 1============

2025-05-14 15:57:46,090 - INFO - DB - Buscando Horário De Entrada Para O Usuario ID 1
2025-05-14 15:57:46,091 - INFO - DB - Resultado Dos Turnos Abertos Do Usuario ID 1: [('14/05/2025 15:50:14',)]
2025-05-14 15:57:46,091 - INFO - Data De Entrada: 14/05/2025 15:50:14
2025-05-14 15:57:46,091 - INFO - Data Atual: 14/05/2025 15:57:46
2025-05-14 15:57:46,092 - INFO - Diferenca De Horas: 0:07:32
2025-05-14 15:57:46,092 - INFO - Usuario com id 1 logado a menos de 24 horas, continuando turno
2025-05-14 15:57:46,092 - INFO - 
=====================================

2025-05-14 15:57:53,752 - INFO - Iniciando Turno...
2025-05-14 15:57:53,752 - INFO - 


Usuario ja logado
2025-05-14 15:57:53,753 - INFO - Continuando Sem Inicar Turno...

2025-05-14 15:57:53,753 - INFO - Iniciando Usuário Com ID: 1
2025-05-14 15:57:53,756 - INFO - Usuario ID 1 Iniciado Com Sucesso

2025-05-14 15:57:53,819 - INFO - Preparando para registrar turno
