2025-05-14 15:56:37,756 - INFO - Iniciando Programa...
2025-05-14 15:56:37,756 - INFO - Verificacao de horarios
2025-05-14 15:56:37,756 - INFO - DB - Buscando Horarios Abertos Dos Usuarios
2025-05-14 15:56:37,757 - INFO - DB - Resultado Da Busca De Horarios Abertos
2025-05-14 15:56:37,758 - INFO - DB - [(1, 137)]
2025-05-14 15:56:37,758 - INFO - Lista de ID's com turno ABERTO: [1]
2025-05-14 15:56:37,758 - INFO - 
============LOG USUÁRIO 1============

2025-05-14 15:56:37,758 - INFO - DB - Buscando Horário De Entrada Para O Usuario ID 1
2025-05-14 15:56:37,759 - INFO - DB - Resultado Dos Turnos Abertos Do Usuario ID 1: [('14/05/2025 15:50:14',)]
2025-05-14 15:56:37,760 - INFO - Data De Entrada: 14/05/2025 15:50:14
2025-05-14 15:56:37,760 - INFO - Data Atual: 14/05/2025 15:56:37
2025-05-14 15:56:37,760 - INFO - Diferenca De Horas: 0:06:23
2025-05-14 15:56:37,760 - INFO - Usuario com id 1 logado a menos de 24 horas, continuando turno
2025-05-14 15:56:37,760 - INFO - 
=====================================

2025-05-14 15:56:45,293 - INFO - Iniciando Turno...
2025-05-14 15:56:45,293 - INFO - 


Usuario ja logado
2025-05-14 15:56:45,294 - INFO - Continuando Sem Inicar Turno...

2025-05-14 15:56:45,294 - INFO - Iniciando Usuário Com ID: 1
2025-05-14 15:56:45,296 - INFO - Usuario ID 1 Iniciado Com Sucesso

2025-05-14 15:56:45,371 - INFO - Preparando para registrar turno
