2025-05-14 15:57:16,156 - INFO - Iniciando Programa...
2025-05-14 15:57:16,156 - INFO - Verificacao de horarios
2025-05-14 15:57:16,156 - INFO - DB - Buscando Horarios Abertos Dos Usuarios
2025-05-14 15:57:16,157 - INFO - DB - Resultado Da Busca De Horarios Abertos
2025-05-14 15:57:16,158 - INFO - DB - [(1, 137)]
2025-05-14 15:57:16,158 - INFO - Lista de ID's com turno ABERTO: [1]
2025-05-14 15:57:16,158 - INFO - 
============LOG USUÁRIO 1============

2025-05-14 15:57:16,158 - INFO - DB - Buscando Horário De Entrada Para O Usuario ID 1
2025-05-14 15:57:16,159 - INFO - DB - Resultado Dos Turnos Abertos Do Usuario ID 1: [('14/05/2025 15:50:14',)]
2025-05-14 15:57:16,160 - INFO - Data De Entrada: 14/05/2025 15:50:14
2025-05-14 15:57:16,160 - INFO - Data Atual: 14/05/2025 15:57:16
2025-05-14 15:57:16,160 - INFO - Diferenca De Horas: 0:07:02
2025-05-14 15:57:16,160 - INFO - Usuario com id 1 logado a menos de 24 horas, continuando turno
2025-05-14 15:57:16,160 - INFO - 
=====================================

2025-05-14 15:57:26,480 - INFO - Iniciando Turno...
2025-05-14 15:57:26,480 - INFO - 


Usuario ja logado
2025-05-14 15:57:26,480 - INFO - Continuando Sem Inicar Turno...

2025-05-14 15:57:26,480 - INFO - Iniciando Usuário Com ID: 1
2025-05-14 15:57:26,483 - INFO - Usuario ID 1 Iniciado Com Sucesso

2025-05-14 15:57:26,555 - INFO - Preparando para registrar turno
