2025-05-14 15:27:59,984 - INFO - Iniciando Programa...
2025-05-14 15:27:59,984 - INFO - Verificacao de horarios
2025-05-14 15:27:59,984 - INFO - DB - Buscando Horarios Abertos Dos Usuarios
2025-05-14 15:27:59,986 - INFO - DB - Resultado Da Busca De Horarios Abertos
2025-05-14 15:27:59,986 - INFO - DB - []
2025-05-14 15:27:59,986 - INFO - Nenhum Turno Em Aberto
2025-05-14 15:28:14,479 - INFO - Iniciando Turno...
2025-05-14 15:28:14,479 - INFO - 


Usuario nao logado. Iniciando registro de turno...

2025-05-14 15:28:14,479 - INFO - 
============LOG INICIO DE TURNO ID 1============

2025-05-14 15:28:14,480 - INFO - Hora Atual: 2025-05-14 15:28:14
2025-05-14 15:28:14,480 - INFO - DB - Iniciando Turno Do Usuario ID 1 Com a Hora Atual: 14/05/2025 15:28:14
2025-05-14 15:28:14,495 - INFO - Turno Iniciado Com Sucesso!
2025-05-14 15:28:14,495 - INFO - 
================================================

2025-05-14 15:28:14,496 - INFO - Iniciando Usuário Com ID: 1
2025-05-14 15:28:14,500 - INFO - Usuario ID 1 Iniciado Com Sucesso

2025-05-14 15:28:14,581 - INFO - Preparando para registrar turno
2025-05-14 15:28:47,103 - INFO - Fechando Turno e Finalizando Janela
2025-05-14 15:28:47,758 - INFO - Finalizando Turno...
2025-05-14 15:28:47,758 - INFO - DB - Buscando Horario De Saida Do Usuario ID 1 Do Turno ID 135
2025-05-14 15:28:47,761 - INFO - DB - Nenhum Resultado Dos Horários De Saida Do Usuario ID
                         1 Do Turno ID 135 Encontrado
2025-05-14 15:28:47,761 - INFO - 
============LOG FECHAMENTO USUaRIO 1============

2025-05-14 15:28:47,762 - INFO - Hora atual: 14/05/2025 15:28:47
2025-05-14 15:28:47,762 - INFO - Registrando Horario Final No Registro De Turnos...
2025-05-14 15:28:47,762 - INFO - DB - Finalizando Turno Do Usuário ID 1 Com A Hora Atual: 14/05/2025 15:28:47
2025-05-14 15:28:47,774 - INFO - 
================================================

2025-05-14 15:28:47,800 - INFO - Turno Finalizado Com Sucesso e Fechando a Janela
