2025-05-14 15:54:36,650 - INFO - Iniciando Programa...
2025-05-14 15:54:36,650 - INFO - Verificacao de horarios
2025-05-14 15:54:36,650 - INFO - DB - Buscando Horarios Abertos Dos Usuarios
2025-05-14 15:54:36,651 - INFO - DB - Resultado Da Busca De Horarios Abertos
2025-05-14 15:54:36,651 - INFO - DB - [(1, 137)]
2025-05-14 15:54:36,651 - INFO - Lista de ID's com turno ABERTO: [1]
2025-05-14 15:54:36,652 - INFO - 
============LOG USUÁRIO 1============

2025-05-14 15:54:36,652 - INFO - DB - Buscando Horário De Entrada Para O Usuario ID 1
2025-05-14 15:54:36,653 - INFO - DB - Resultado Dos Turnos Abertos Do Usuario ID 1: [('14/05/2025 15:50:14',)]
2025-05-14 15:54:36,653 - INFO - Data De Entrada: 14/05/2025 15:50:14
2025-05-14 15:54:36,654 - INFO - Data Atual: 14/05/2025 15:54:36
2025-05-14 15:54:36,654 - INFO - Diferenca De Horas: 0:04:22
2025-05-14 15:54:36,654 - INFO - Usuario com id 1 logado a menos de 24 horas, continuando turno
2025-05-14 15:54:36,654 - INFO - 
=====================================

2025-05-14 15:54:40,823 - INFO - Iniciando Turno...
2025-05-14 15:54:40,824 - INFO - 


Usuario nao logado. Iniciando registro de turno...

2025-05-14 15:54:40,824 - INFO - 
============LOG INICIO DE TURNO ID 2============

2025-05-14 15:54:40,824 - INFO - Hora Atual: 2025-05-14 15:54:40
2025-05-14 15:54:40,825 - INFO - DB - Iniciando Turno Do Usuario ID 2 Com a Hora Atual: 14/05/2025 15:54:40
2025-05-14 15:54:40,835 - INFO - Turno Iniciado Com Sucesso!
2025-05-14 15:54:40,836 - INFO - 
================================================

2025-05-14 15:54:40,836 - INFO - Iniciando Usuário Com ID: 2
2025-05-14 15:54:40,839 - INFO - Usuario ID 2 Iniciado Com Sucesso

2025-05-14 15:54:40,907 - INFO - Preparando para registrar turno
2025-05-14 15:54:42,679 - INFO - Fechando Turno e Finalizando Janela
2025-05-14 15:54:43,543 - INFO - Finalizando Turno...
2025-05-14 15:54:43,543 - INFO - DB - Buscando Horario De Saida Do Usuario ID 2 Do Turno ID 138
2025-05-14 15:54:43,545 - INFO - DB - Nenhum Resultado Dos Horários De Saida Do Usuario ID
                         2 Do Turno ID 138 Encontrado
2025-05-14 15:54:43,545 - INFO - 
============LOG FECHAMENTO USUaRIO 2============

2025-05-14 15:54:43,546 - INFO - Hora atual: 14/05/2025 15:54:43
2025-05-14 15:54:43,546 - INFO - Registrando Horario Final No Registro De Turnos...
2025-05-14 15:54:43,546 - INFO - DB - Finalizando Turno Do Usuário ID 2 Com A Hora Atual: 14/05/2025 15:54:43
2025-05-14 15:54:43,558 - INFO - 
================================================

2025-05-14 15:54:43,582 - INFO - Turno Finalizado Com Sucesso e Fechando a Janela
