2025-05-14 15:47:42,939 - INFO - Iniciando Programa...
2025-05-14 15:47:42,939 - INFO - Verificacao de horarios
2025-05-14 15:47:42,939 - INFO - DB - Buscando Horarios Abertos Dos Usuarios
2025-05-14 15:47:42,940 - INFO - DB - Resultado Da Busca De Horarios Abertos
2025-05-14 15:47:42,940 - INFO - DB - [(1, 136)]
2025-05-14 15:47:42,941 - INFO - Lista de ID's com turno ABERTO: [1]
2025-05-14 15:47:42,941 - INFO - 
============LOG USUÁRIO 1============

2025-05-14 15:47:42,941 - INFO - DB - Buscando Horário De Entrada Para O Usuario ID 1
2025-05-14 15:47:42,942 - INFO - DB - Resultado Dos Turnos Abertos Do Usuario ID 1: [('14/05/2025 15:31:37',)]
2025-05-14 15:47:42,943 - INFO - Data De Entrada: 14/05/2025 15:31:37
2025-05-14 15:47:42,943 - INFO - Data Atual: 14/05/2025 15:47:42
2025-05-14 15:47:42,943 - INFO - Diferenca De Horas: 0:16:05
2025-05-14 15:47:42,943 - INFO - Usuario com id 1 logado a menos de 24 horas, continuando turno
2025-05-14 15:47:42,943 - INFO - 
=====================================

2025-05-14 15:47:49,881 - INFO - Iniciando Turno...
2025-05-14 15:47:49,882 - INFO - 


Usuario ja logado
2025-05-14 15:47:49,882 - INFO - Continuando Sem Inicar Turno...

2025-05-14 15:47:49,882 - INFO - Iniciando Usuário Com ID: 1
2025-05-14 15:47:49,885 - INFO - Usuario ID 1 Iniciado Com Sucesso

2025-05-14 15:47:49,952 - INFO - Preparando para registrar turno
2025-05-14 15:48:06,100 - INFO - Iniciando Turno...
2025-05-14 15:48:06,100 - INFO - 


Usuario ja logado
2025-05-14 15:48:06,101 - INFO - Continuando Sem Inicar Turno...

2025-05-14 15:48:06,101 - INFO - Iniciando Usuário Com ID: 1
2025-05-14 15:48:06,103 - INFO - Usuario ID 1 Iniciado Com Sucesso

2025-05-14 15:48:06,171 - INFO - Preparando para registrar turno
2025-05-14 15:48:10,905 - INFO - Fechando Turno e Finalizando Janela
2025-05-14 15:48:12,427 - INFO - Finalizando Turno...
2025-05-14 15:48:12,428 - INFO - DB - Buscando Horario De Saida Do Usuario ID 1 Do Turno ID 136
2025-05-14 15:48:12,429 - INFO - DB - Nenhum Resultado Dos Horários De Saida Do Usuario ID
                         1 Do Turno ID 136 Encontrado
2025-05-14 15:48:12,429 - INFO - 
============LOG FECHAMENTO USUaRIO 1============

2025-05-14 15:48:12,430 - INFO - Hora atual: 14/05/2025 15:48:12
2025-05-14 15:48:12,430 - INFO - Registrando Horario Final No Registro De Turnos...
2025-05-14 15:48:12,430 - INFO - DB - Finalizando Turno Do Usuário ID 1 Com A Hora Atual: 14/05/2025 15:48:12
2025-05-14 15:48:12,441 - INFO - 
================================================

2025-05-14 15:48:12,467 - INFO - Turno Finalizado Com Sucesso e Fechando a Janela
