2025-05-14 12:34:38,319 - INFO - Iniciando Programa...
2025-05-14 12:34:38,319 - INFO - Verificacao de horarios
2025-05-14 12:34:38,320 - INFO - DB - Buscando Horarios Abertos Dos Usuarios
2025-05-14 12:34:38,321 - INFO - DB - Resultado Da Busca De Horarios Abertos
2025-05-14 12:34:38,322 - INFO - DB - []
2025-05-14 12:34:38,322 - INFO - Nenhum Turno Em Aberto
2025-05-14 12:34:44,339 - INFO - Iniciando Turno...
2025-05-14 12:34:44,339 - INFO - 


Usuario nao logado. Iniciando registro de turno...

2025-05-14 12:34:44,340 - INFO - 
============LOG INICIO DE TURNO ID 2============

2025-05-14 12:34:44,340 - INFO - Hora Atual: 2025-05-14 12:34:44
2025-05-14 12:34:44,341 - INFO - DB - Iniciando Turno Do Usuario ID 2 Com a Hora Atual: 14/05/2025 12:34:44
2025-05-14 12:34:44,351 - INFO - Turno Iniciado Com Sucesso!
2025-05-14 12:34:44,351 - INFO - 
================================================

2025-05-14 12:34:44,351 - INFO - Iniciando Usuário Com ID: 2
2025-05-14 12:34:44,354 - INFO - Usuario ID 2 Iniciado Com Sucesso

2025-05-14 12:34:44,417 - INFO - Preparando para registrar turno
2025-05-14 12:34:50,238 - INFO - Fechando Turno e Finalizando Janela
2025-05-14 12:34:51,120 - INFO - Finalizando Turno...
2025-05-14 12:34:51,120 - INFO - DB - Buscando Horario De Saida Do Usuario ID 2 Do Turno ID 130
2025-05-14 12:34:51,122 - INFO - DB - Nenhum Resultado Dos Horários De Saida Do Usuario ID
                         2 Do Turno ID 130 Encontrado
2025-05-14 12:34:51,123 - INFO - 
============LOG FECHAMENTO USUaRIO 2============

2025-05-14 12:34:51,123 - INFO - Hora atual: 14/05/2025 12:34:51
2025-05-14 12:34:51,123 - INFO - Registrando Horario Final No Registro De Turnos...
2025-05-14 12:34:51,124 - INFO - DB - Finalizando Turno Do Usuário ID 2 Com A Hora Atual: 14/05/2025 12:34:51
2025-05-14 12:34:51,136 - INFO - 
================================================

2025-05-14 12:34:51,160 - INFO - Turno Finalizado Com Sucesso e Fechando a Janela
